<?xml version="1.0" encoding="UTF-8"?>
<!-- Generated by org.testng.reporters.JUnitXMLReporter -->
<testsuite ignored="0" hostname="DESKTOP-GFC7GNG" failures="0" tests="7" name="Default test" time="57.201" errors="0" timestamp="2022-02-07T23:26:47 GMT-09:00">
  <testcase classname="LoginFunctionality.VerifyLoginFunctionality" name="verifyLogin" time="0.015">
    <skipped/>
  </testcase> <!-- verifyLogin -->
  <testcase classname="LoginFunctionality.VerifyLoginFunctionality" name="verifyLogin" time="0.003">
    <skipped/>
  </testcase> <!-- verifyLogin -->
  <testcase classname="LoginFunctionality.VerifyLoginFunctionality" name="verifyLogin" time="0.002">
    <skipped/>
  </testcase> <!-- verifyLogin -->
  <testcase classname="LoginFunctionality.VerifyLoginFunctionality" name="verifyLogin" time="0.002">
    <skipped/>
  </testcase> <!-- verifyLogin -->
  <testcase classname="LoginFunctionality.VerifyLoginFunctionality" name="verifyLogin" time="35.245"/>
  <testcase classname="LoginFunctionality.VerifyLoginFunctionality" name="verifyLogin" time="19.016"/>
  <testcase classname="LoginFunctionality.VerifyLoginFunctionality" name="verifyLogin" time="0.002">
    <skipped/>
  </testcase> <!-- verifyLogin -->
</testsuite> <!-- Default test -->
